SF:lib/l10n/app_localizations.dart
DA:65,1
DA:66,2
DA:70,0
DA:71,0
DA:206,1
DA:208,1
DA:210,2
DA:213,1
DA:215,3
DA:217,0
DA:221,1
DA:223,1
DA:224,1
DA:225,1
DA:226,1
DA:227,1
DA:230,0
LF:17
LH:13
end_of_record
SF:lib/ui/core/locale/locale_controller.dart
DA:13,0
DA:15,0
DA:16,0
DA:19,0
DA:20,0
DA:21,0
DA:22,0
DA:23,0
DA:24,0
DA:29,0
DA:30,0
DA:31,0
DA:32,0
DA:34,0
DA:36,0
LF:15
LH:0
end_of_record
SF:lib/l10n/app_localizations_en.dart
DA:9,2
DA:11,1
DA:14,0
DA:17,0
DA:20,0
DA:23,0
DA:26,0
DA:29,0
DA:32,0
DA:35,1
DA:38,0
DA:41,0
DA:44,0
DA:47,0
DA:50,0
DA:53,0
DA:56,0
DA:59,1
LF:18
LH:4
end_of_record
SF:lib/l10n/app_localizations_ru.dart
DA:9,2
DA:11,1
DA:14,0
DA:17,0
DA:20,0
DA:23,0
DA:26,0
DA:29,0
DA:32,0
DA:35,1
DA:38,0
DA:41,0
DA:44,0
DA:47,0
DA:50,0
DA:53,0
DA:56,0
DA:59,1
LF:18
LH:4
end_of_record
SF:lib/core/errors/app_error.dart
DA:3,6
DA:29,3
DA:31,3
DA:33,3
DA:35,3
DA:37,3
DA:39,3
DA:41,1
DA:43,1
DA:45,1
DA:47,1
DA:49,1
DA:51,1
DA:53,1
DA:55,1
DA:57,1
DA:59,1
DA:64,1
DA:66,1
DA:68,1
DA:70,1
DA:72,1
DA:74,1
DA:76,1
DA:78,1
DA:80,1
DA:82,1
DA:84,1
DA:86,1
DA:88,1
DA:90,1
DA:92,1
DA:94,1
DA:99,0
DA:100,0
DA:101,0
DA:110,2
DA:114,0
DA:116,2
DA:117,4
DA:118,8
DA:119,2
DA:124,0
DA:125,0
DA:129,0
DA:130,0
DA:131,0
LF:47
LH:38
end_of_record
SF:lib/ui/core/units/units_controller.dart
DA:13,1
DA:14,1
DA:17,2
DA:18,2
DA:21,3
DA:24,3
DA:27,1
DA:28,1
DA:29,3
DA:30,1
DA:35,1
DA:36,2
DA:37,1
DA:38,1
DA:39,3
DA:40,6
DA:41,2
DA:43,2
DA:46,1
DA:47,1
DA:48,1
DA:49,2
DA:50,0
DA:51,0
DA:55,1
DA:56,2
DA:57,1
DA:58,1
DA:59,1
DA:60,2
DA:65,0
DA:66,0
LF:32
LH:28
end_of_record
SF:lib/config/api_config.dart
DA:37,5
DA:38,5
DA:40,15
DA:41,0
DA:55,10
DA:60,5
DA:61,10
DA:64,4
DA:65,8
DA:70,0
DA:71,0
DA:72,0
DA:73,0
DA:76,0
DA:81,0
DA:82,0
LF:16
LH:8
end_of_record
SF:lib/data/apimodels/auth/auth.dart
DA:7,0
DA:12,0
DA:13,0
DA:14,0
DA:15,0
DA:19,0
DA:20,0
LF:7
LH:0
end_of_record
SF:lib/domain/models/auth/user.dart
DA:5,0
LF:1
LH:0
end_of_record
SF:lib/data/local/local_store.dart
DA:15,6
DA:16,18
DA:24,2
DA:28,6
DA:29,6
DA:31,12
DA:33,0
DA:35,18
DA:36,18
DA:37,18
DA:38,6
DA:41,18
DA:42,18
DA:43,15
DA:45,1
DA:46,1
DA:48,2
DA:50,1
DA:51,2
DA:52,1
DA:54,0
DA:55,0
DA:56,0
DA:59,0
DA:61,0
DA:62,0
DA:63,0
DA:64,0
DA:66,0
DA:72,4
DA:73,12
DA:74,4
DA:77,5
DA:81,20
DA:83,2
DA:84,6
DA:88,12
DA:90,4
DA:91,12
DA:92,8
DA:95,5
DA:96,20
DA:100,3
DA:101,3
DA:102,9
DA:103,3
DA:104,3
DA:106,2
DA:107,6
DA:108,6
DA:111,2
DA:112,6
DA:113,2
DA:118,3
DA:119,18
DA:121,4
DA:123,8
DA:126,4
DA:128,8
DA:129,4
DA:130,13
DA:131,13
DA:132,4
DA:133,9
DA:135,4
DA:136,8
DA:140,0
DA:143,3
DA:150,2
DA:156,2
DA:157,2
DA:158,8
DA:159,6
DA:160,2
DA:161,6
DA:162,2
DA:163,2
DA:164,10
DA:167,3
DA:168,3
DA:169,2
DA:170,1
DA:177,1
DA:178,2
DA:179,6
DA:180,2
DA:186,6
DA:187,12
DA:188,12
DA:189,12
DA:192,12
DA:193,30
LF:92
LH:81
end_of_record
SF:lib/data/local/mutation.dart
DA:11,3
DA:19,6
DA:20,3
DA:21,3
DA:22,3
DA:23,3
DA:24,3
DA:27,6
DA:28,3
DA:29,6
DA:30,3
DA:31,6
DA:32,6
LF:13
LH:13
end_of_record
SF:lib/data/repositories/exercises_repository.dart
DA:25,2
DA:27,2
DA:30,2
DA:32,2
DA:33,6
DA:34,2
DA:35,2
DA:36,0
DA:38,3
DA:39,2
DA:40,4
DA:42,2
DA:44,5
DA:46,2
DA:48,3
DA:49,1
DA:50,1
DA:51,1
DA:52,1
DA:58,1
DA:60,1
DA:61,4
DA:62,1
DA:63,2
DA:64,0
DA:66,2
DA:67,3
DA:68,1
DA:70,0
DA:71,0
DA:72,0
DA:78,2
DA:85,2
DA:86,2
DA:94,4
DA:96,4
DA:97,2
DA:100,0
DA:101,0
DA:104,1
DA:109,2
DA:110,1
DA:111,1
DA:112,2
DA:117,2
DA:120,0
DA:126,0
DA:127,0
DA:128,0
DA:129,0
DA:136,0
DA:137,0
DA:138,0
DA:141,0
DA:145,0
DA:147,0
DA:148,0
DA:152,2
DA:157,4
DA:162,0
DA:163,0
DA:166,0
DA:170,0
DA:177,2
DA:181,2
DA:182,2
DA:183,6
DA:185,4
DA:186,2
DA:187,2
DA:188,2
DA:189,2
DA:190,2
DA:193,2
LF:74
LH:51
end_of_record
SF:lib/data/services/auth/authenticated_client.dart
DA:18,0
DA:23,5
DA:29,0
DA:31,4
DA:32,16
DA:34,3
DA:35,12
DA:37,1
DA:38,4
DA:40,1
DA:41,4
DA:43,4
DA:47,4
DA:48,4
DA:50,4
DA:51,0
DA:53,0
DA:54,0
DA:56,0
DA:57,0
DA:58,0
DA:62,2
DA:64,2
DA:65,2
DA:67,2
DA:69,2
DA:70,0
DA:71,0
DA:73,0
DA:75,0
DA:77,0
DA:81,4
DA:82,8
DA:83,4
DA:84,4
DA:85,0
DA:89,0
DA:90,0
DA:91,0
DA:94,0
DA:96,0
DA:98,0
DA:99,0
DA:100,0
DA:102,0
DA:107,0
DA:108,0
DA:111,5
DA:112,10
DA:113,10
LF:50
LH:25
end_of_record
SF:lib/data/sync/connectivity_service.dart
DA:9,4
DA:10,12
DA:14,0
DA:15,0
DA:17,3
DA:19,6
DA:29,4
DA:30,16
LF:8
LH:6
end_of_record
SF:lib/data/sync/network_failure.dart
DA:9,2
DA:10,2
DA:11,2
DA:12,2
DA:13,4
DA:14,0
DA:15,0
LF:7
LH:5
end_of_record
SF:lib/data/sync/sync_service.dart
DA:17,4
DA:27,4
DA:32,4
DA:42,8
DA:45,8
DA:54,5
DA:58,4
DA:59,8
DA:61,8
DA:63,12
DA:74,5
DA:75,10
DA:78,5
DA:83,1
DA:84,1
DA:85,3
DA:86,0
DA:88,1
DA:92,15
DA:96,5
DA:97,5
DA:98,3
DA:99,2
DA:100,1
DA:102,3
DA:103,3
DA:111,1
DA:117,1
DA:118,1
DA:119,0
DA:120,0
DA:121,0
DA:122,0
DA:123,0
DA:124,0
DA:125,0
DA:128,3
DA:129,1
DA:133,2
DA:134,2
DA:137,0
DA:138,0
DA:143,1
DA:147,1
DA:148,2
DA:149,1
LF:46
LH:36
end_of_record
SF:lib/domain/models/exercises/exercise_catalog.dart
DA:13,2
DA:26,2
DA:27,2
DA:28,2
DA:29,2
DA:30,2
DA:31,2
DA:32,2
DA:33,2
DA:34,2
DA:35,2
DA:36,2
DA:37,2
DA:44,0
DA:49,0
DA:50,0
DA:51,0
DA:52,0
DA:68,1
DA:81,2
DA:82,2
DA:83,2
DA:84,2
DA:85,2
DA:86,1
DA:87,2
DA:88,2
DA:89,2
DA:90,1
DA:92,2
DA:93,1
DA:94,0
DA:95,0
DA:97,1
DA:100,0
DA:101,0
LF:36
LH:27
end_of_record
SF:lib/data/services/auth/auth_service.dart
DA:13,0
DA:14,0
DA:18,0
DA:21,0
DA:22,0
DA:26,0
DA:29,0
DA:30,0
DA:31,0
DA:34,0
DA:35,0
DA:36,0
DA:39,0
DA:46,0
DA:47,0
DA:48,0
DA:49,0
DA:51,0
DA:53,0
DA:55,0
DA:57,0
DA:58,0
DA:60,0
DA:62,0
DA:63,0
DA:64,0
DA:66,0
DA:68,0
DA:70,0
DA:74,0
DA:75,0
DA:77,0
DA:78,0
DA:79,0
DA:80,0
DA:81,0
DA:85,0
DA:88,0
DA:90,0
DA:91,0
DA:92,0
DA:94,0
LF:42
LH:0
end_of_record
SF:lib/data/services/auth/token_storage.dart
DA:7,0
DA:8,0
DA:9,0
DA:10,0
DA:13,4
DA:14,4
DA:15,4
DA:18,0
DA:19,0
DA:20,0
DA:23,0
DA:24,0
DA:25,0
DA:26,0
DA:29,0
DA:30,0
DA:31,0
LF:17
LH:3
end_of_record
SF:lib/data/repositories/workouts_repository.dart
DA:34,2
DA:35,2
DA:40,6
DA:41,0
DA:42,0
DA:44,2
DA:46,2
DA:47,4
DA:48,2
DA:49,2
DA:50,0
DA:52,3
DA:53,2
DA:54,1
DA:55,2
DA:57,6
DA:58,2
DA:60,3
DA:61,1
DA:62,1
DA:63,1
DA:64,1
DA:70,0
DA:72,0
DA:73,0
DA:74,0
DA:75,0
DA:76,0
DA:78,0
DA:79,0
DA:80,0
DA:82,0
DA:83,0
DA:84,0
DA:92,1
DA:93,2
DA:94,1
DA:96,1
DA:97,2
DA:98,1
DA:99,2
DA:100,0
DA:102,2
DA:103,2
DA:104,1
DA:106,0
DA:107,0
DA:108,0
DA:114,1
DA:116,1
DA:117,4
DA:118,1
DA:119,2
DA:120,0
DA:122,2
DA:123,2
DA:124,1
DA:126,0
DA:127,0
DA:128,0
DA:134,1
DA:135,1
DA:136,4
DA:137,1
DA:138,2
DA:139,0
DA:141,2
DA:143,3
DA:144,1
DA:149,1
DA:154,2
DA:155,1
DA:157,2
DA:158,1
DA:164,2
DA:165,2
DA:167,2
DA:169,1
DA:177,0
DA:179,0
DA:180,0
DA:185,0
DA:192,0
DA:195,0
DA:201,0
DA:202,0
DA:207,0
DA:209,0
DA:211,0
DA:212,0
DA:214,0
DA:215,0
DA:216,0
DA:217,0
DA:219,0
DA:220,0
DA:221,0
DA:223,0
DA:224,0
DA:225,0
DA:227,0
DA:232,0
DA:238,0
DA:241,1
DA:242,2
DA:243,2
DA:244,1
DA:246,0
DA:249,2
DA:251,1
DA:252,4
DA:253,1
DA:254,2
DA:255,0
DA:259,0
DA:264,0
DA:267,1
DA:272,1
DA:273,1
DA:274,2
DA:276,1
DA:277,1
DA:278,3
DA:279,2
DA:285,1
DA:286,2
DA:287,0
DA:291,0
DA:296,0
DA:304,1
DA:305,2
DA:307,0
DA:308,0
DA:310,1
DA:311,2
DA:313,1
DA:314,1
DA:315,3
DA:316,2
DA:318,1
DA:319,2
DA:320,0
DA:324,0
DA:329,0
DA:334,1
DA:335,1
DA:336,4
DA:337,1
DA:338,2
DA:339,0
DA:341,3
DA:344,1
DA:345,1
DA:346,4
DA:347,1
DA:348,2
DA:349,0
DA:351,3
DA:355,1
DA:356,1
DA:357,6
DA:358,1
DA:359,2
DA:360,0
DA:362,3
DA:367,1
DA:374,1
DA:375,1
DA:376,2
DA:377,1
DA:384,1
DA:385,2
DA:386,0
DA:388,2
DA:389,2
DA:392,1
DA:395,1
DA:398,0
DA:399,0
DA:400,0
DA:402,0
DA:405,2
DA:408,2
DA:409,2
DA:411,2
DA:414,0
DA:415,0
DA:416,0
DA:417,0
DA:418,0
DA:420,0
DA:421,0
DA:425,0
DA:429,0
DA:435,2
DA:436,0
DA:437,0
DA:440,0
DA:441,0
DA:442,0
DA:443,0
DA:448,2
DA:449,0
DA:450,0
DA:451,0
DA:452,0
DA:453,0
DA:458,2
DA:459,0
DA:460,0
DA:461,0
DA:462,0
DA:463,0
DA:464,0
DA:465,0
DA:466,0
DA:467,0
DA:468,0
DA:471,0
DA:476,2
DA:477,0
DA:478,0
DA:479,0
DA:480,0
DA:481,0
DA:482,0
DA:483,0
DA:485,0
DA:491,0
DA:496,0
DA:497,0
DA:498,0
DA:502,0
DA:510,1
DA:516,1
DA:520,0
DA:522,0
DA:523,1
DA:524,0
DA:525,0
DA:528,1
DA:529,0
DA:530,0
DA:531,0
DA:532,0
DA:533,0
DA:534,0
DA:535,0
DA:536,0
DA:537,0
DA:540,1
DA:543,1
DA:548,2
DA:549,1
DA:550,1
DA:551,1
DA:552,1
DA:555,0
DA:556,0
DA:557,0
DA:558,0
DA:559,0
DA:562,0
DA:566,0
DA:568,0
DA:569,0
DA:571,0
LF:267
LH:131
end_of_record
SF:lib/domain/models/workouts/workout.dart
DA:8,1
DA:14,2
DA:15,1
DA:16,2
DA:17,2
DA:20,2
DA:21,1
DA:22,1
DA:23,1
DA:26,1
DA:27,1
DA:28,1
DA:29,1
DA:30,0
DA:44,1
DA:55,2
DA:56,2
DA:57,1
DA:58,1
DA:59,1
DA:60,1
DA:61,2
DA:62,1
DA:64,1
DA:65,3
DA:66,1
DA:69,0
DA:70,0
DA:71,0
DA:72,0
DA:73,0
DA:76,1
DA:77,6
DA:79,0
DA:83,0
DA:84,0
DA:85,0
DA:86,0
DA:87,0
DA:88,0
DA:89,0
DA:90,0
DA:91,0
DA:107,3
DA:120,3
DA:121,5
DA:123,6
DA:124,3
DA:125,3
DA:126,3
DA:127,3
DA:128,3
DA:129,3
DA:130,6
DA:131,6
DA:132,6
DA:134,4
DA:135,5
DA:136,3
DA:140,1
DA:142,1
DA:143,2
DA:144,4
DA:145,2
DA:155,2
DA:157,4
DA:158,2
DA:159,2
DA:169,2
DA:176,4
DA:177,4
DA:178,4
DA:179,2
DA:180,2
DA:189,2
DA:196,2
DA:197,2
DA:198,4
DA:199,2
DA:200,2
DA:202,2
DA:203,6
DA:204,2
DA:207,2
DA:208,4
DA:209,6
DA:215,2
DA:217,4
DA:218,2
DA:219,4
DA:231,2
DA:247,4
DA:248,4
DA:249,4
DA:250,2
DA:251,2
DA:253,3
DA:254,6
DA:255,2
DA:265,2
DA:272,5
DA:274,2
DA:275,2
DA:276,2
DA:277,4
DA:278,4
DA:279,2
DA:280,4
DA:281,4
DA:282,4
DA:285,2
DA:286,6
DA:287,2
LF:113
LH:97
end_of_record
SF:lib/ui/menu_options_list/workouts/session/workout_session_controller.dart
DA:22,2
DA:54,1
DA:93,0
DA:94,0
DA:95,0
DA:96,0
DA:97,0
DA:98,2
DA:99,2
DA:100,0
DA:101,0
DA:102,0
DA:103,0
DA:105,0
DA:106,0
DA:110,0
DA:113,0
DA:114,0
DA:115,0
DA:118,0
DA:119,0
DA:120,0
DA:121,0
DA:122,0
DA:123,0
DA:124,0
DA:128,0
DA:135,0
DA:136,0
DA:137,0
DA:138,0
DA:139,0
DA:140,0
DA:141,0
DA:142,0
DA:143,0
DA:144,0
DA:145,0
DA:146,0
DA:147,0
DA:148,0
DA:149,0
DA:150,0
DA:151,0
DA:152,0
DA:153,0
DA:155,0
DA:156,0
DA:159,0
DA:160,0
DA:162,0
DA:163,0
DA:165,0
DA:166,0
DA:167,0
DA:168,0
DA:169,0
DA:170,0
DA:172,0
DA:176,0
DA:181,0
DA:182,0
DA:183,0
DA:184,0
DA:185,0
DA:186,0
DA:187,0
DA:188,0
DA:189,0
DA:190,0
DA:191,0
DA:192,0
DA:193,0
DA:194,0
DA:195,0
DA:196,0
DA:197,0
DA:198,0
DA:199,0
DA:200,0
DA:201,0
DA:210,0
DA:211,0
DA:212,0
DA:215,0
DA:216,0
DA:217,0
DA:221,0
DA:222,0
DA:223,0
DA:225,0
DA:228,0
DA:229,0
DA:230,0
DA:231,0
DA:232,0
DA:233,0
DA:234,0
DA:235,0
DA:237,0
DA:238,0
DA:239,0
DA:240,0
DA:243,0
DA:244,0
DA:246,0
DA:247,0
DA:251,1
DA:252,1
DA:253,2
DA:254,5
DA:255,1
DA:260,1
DA:261,4
DA:262,1
DA:263,1
DA:267,1
DA:268,1
DA:269,2
DA:272,2
DA:273,1
DA:274,1
DA:280,1
DA:281,4
DA:282,2
DA:283,1
DA:284,1
DA:285,1
DA:286,1
DA:287,1
DA:288,1
DA:289,1
DA:292,2
DA:293,1
DA:298,1
DA:299,2
DA:300,2
DA:301,1
DA:302,1
DA:306,1
DA:314,2
DA:315,1
DA:322,1
DA:323,1
DA:334,2
DA:335,1
DA:336,1
DA:340,1
DA:341,2
DA:342,2
DA:343,2
DA:344,1
DA:346,1
DA:347,1
DA:351,1
DA:352,1
DA:353,0
DA:354,0
DA:355,0
DA:356,0
DA:357,0
DA:361,0
DA:362,0
DA:363,0
DA:364,0
DA:365,0
DA:366,0
DA:367,0
DA:368,0
DA:369,0
DA:370,0
DA:372,0
DA:373,0
DA:378,0
DA:379,0
DA:380,0
DA:381,0
DA:382,0
DA:385,0
DA:386,0
DA:387,0
DA:390,0
DA:391,0
DA:392,0
DA:393,0
DA:407,4
DA:408,2
DA:409,2
DA:410,2
DA:414,2
DA:415,2
DA:416,2
DA:417,2
DA:418,2
DA:419,2
DA:420,2
DA:421,2
DA:424,1
DA:425,1
DA:426,2
DA:427,1
DA:428,1
DA:431,1
DA:432,4
DA:433,1
DA:434,1
DA:435,1
DA:439,1
DA:440,1
DA:441,2
DA:442,2
DA:443,1
DA:444,1
DA:448,1
DA:449,1
DA:450,4
DA:451,4
DA:452,1
DA:456,2
DA:457,4
DA:458,2
DA:459,2
DA:460,2
DA:461,2
DA:462,2
DA:463,2
DA:466,2
DA:467,3
DA:468,5
DA:469,2
DA:470,1
DA:471,1
DA:472,1
DA:473,1
DA:475,2
DA:476,1
DA:481,1
DA:482,1
DA:483,1
DA:484,1
DA:487,0
DA:488,0
DA:489,0
DA:491,0
DA:493,0
DA:495,0
DA:496,0
DA:497,0
DA:501,0
DA:502,0
DA:503,0
DA:504,0
DA:508,0
DA:509,0
DA:510,0
DA:511,0
DA:512,0
DA:513,0
DA:514,0
DA:515,0
DA:516,0
DA:517,0
DA:518,0
DA:519,0
DA:520,0
DA:521,0
DA:522,0
DA:525,0
DA:526,0
DA:527,0
DA:528,0
DA:529,0
DA:530,0
DA:531,0
DA:534,0
DA:536,0
DA:537,0
DA:541,0
LF:278
LH:108
end_of_record
