SF:lib/core/errors/app_error.dart
DA:3,6
DA:29,3
DA:31,3
DA:33,3
DA:35,3
DA:37,3
DA:39,3
DA:41,1
DA:43,1
DA:45,1
DA:47,1
DA:49,1
DA:51,1
DA:53,1
DA:55,1
DA:57,1
DA:59,1
DA:64,1
DA:66,1
DA:68,1
DA:70,1
DA:72,1
DA:74,1
DA:76,1
DA:78,1
DA:80,1
DA:82,1
DA:84,1
DA:86,1
DA:88,1
DA:90,1
DA:92,1
DA:94,1
DA:99,0
DA:100,0
DA:101,0
DA:110,2
DA:114,0
DA:116,2
DA:117,4
DA:118,8
DA:119,2
DA:124,0
DA:125,0
DA:129,0
DA:130,0
DA:131,0
LF:47
LH:38
end_of_record
SF:lib/ui/core/units/units_controller.dart
DA:13,1
DA:14,1
DA:17,2
DA:18,2
DA:21,3
DA:24,3
DA:27,1
DA:28,1
DA:29,3
DA:30,1
DA:35,1
DA:36,2
DA:37,1
DA:38,1
DA:39,3
DA:40,6
DA:41,2
DA:43,2
DA:46,1
DA:47,1
DA:48,1
DA:49,2
DA:50,0
DA:51,0
DA:55,1
DA:56,2
DA:57,1
DA:58,1
DA:59,1
DA:60,2
DA:65,0
DA:66,0
LF:32
LH:28
end_of_record
SF:lib/l10n/app_localizations.dart
DA:65,1
DA:66,2
DA:70,0
DA:71,0
DA:206,1
DA:208,1
DA:210,2
DA:213,1
DA:215,3
DA:217,0
DA:221,1
DA:223,1
DA:224,1
DA:225,1
DA:226,1
DA:227,1
DA:230,0
LF:17
LH:13
end_of_record
SF:lib/ui/core/locale/locale_controller.dart
DA:13,0
DA:15,0
DA:16,0
DA:19,0
DA:20,0
DA:21,0
DA:22,0
DA:23,0
DA:24,0
DA:29,0
DA:30,0
DA:31,0
DA:32,0
DA:34,0
DA:36,0
LF:15
LH:0
end_of_record
SF:lib/l10n/app_localizations_en.dart
DA:9,2
DA:11,1
DA:14,0
DA:17,0
DA:20,0
DA:23,0
DA:26,0
DA:29,0
DA:32,0
DA:35,1
DA:38,0
DA:41,0
DA:44,0
DA:47,0
DA:50,0
DA:53,0
DA:56,0
DA:59,1
LF:18
LH:4
end_of_record
SF:lib/l10n/app_localizations_ru.dart
DA:9,2
DA:11,1
DA:14,0
DA:17,0
DA:20,0
DA:23,0
DA:26,0
DA:29,0
DA:32,0
DA:35,1
DA:38,0
DA:41,0
DA:44,0
DA:47,0
DA:50,0
DA:53,0
DA:56,0
DA:59,1
LF:18
LH:4
end_of_record
SF:lib/data/local/local_store.dart
DA:15,6
DA:16,18
DA:24,2
DA:28,6
DA:29,6
DA:31,12
DA:33,0
DA:35,18
DA:36,18
DA:37,18
DA:38,6
DA:41,18
DA:42,18
DA:43,15
DA:45,1
DA:46,1
DA:47,2
DA:49,1
DA:50,2
DA:51,1
DA:53,0
DA:54,0
DA:55,0
DA:58,0
DA:59,0
DA:60,0
DA:61,0
DA:62,0
DA:63,0
DA:64,0
DA:65,0
DA:67,0
DA:73,4
DA:74,12
DA:75,4
DA:78,5
DA:82,20
DA:84,2
DA:85,6
DA:89,12
DA:91,4
DA:92,12
DA:93,8
DA:96,5
DA:97,20
DA:101,3
DA:102,3
DA:103,9
DA:104,3
DA:105,3
DA:107,2
DA:108,6
DA:109,6
DA:112,2
DA:113,6
DA:114,2
DA:119,3
DA:120,18
DA:122,4
DA:124,8
DA:127,4
DA:128,8
DA:129,4
DA:130,13
DA:131,13
DA:132,13
DA:133,4
DA:134,8
DA:138,0
DA:141,3
DA:148,2
DA:154,2
DA:155,2
DA:156,8
DA:157,6
DA:158,2
DA:159,6
DA:160,2
DA:161,2
DA:162,10
DA:165,3
DA:166,3
DA:167,2
DA:168,1
DA:175,1
DA:176,2
DA:177,6
DA:178,2
DA:184,6
DA:185,12
DA:186,12
DA:187,12
DA:190,12
DA:191,30
LF:94
LH:80
end_of_record
SF:lib/data/repositories/workouts_repository.dart
DA:34,2
DA:35,2
DA:40,6
DA:41,0
DA:42,0
DA:44,2
DA:46,2
DA:47,4
DA:48,2
DA:49,2
DA:50,0
DA:52,3
DA:53,2
DA:54,1
DA:55,2
DA:57,6
DA:58,2
DA:60,3
DA:61,1
DA:62,1
DA:63,1
DA:64,1
DA:70,0
DA:72,0
DA:73,0
DA:74,0
DA:75,0
DA:76,0
DA:78,0
DA:79,0
DA:80,0
DA:82,0
DA:83,0
DA:84,0
DA:92,1
DA:93,2
DA:94,1
DA:96,1
DA:97,2
DA:98,1
DA:99,2
DA:100,0
DA:102,2
DA:103,2
DA:104,1
DA:106,0
DA:107,0
DA:108,0
DA:114,1
DA:116,1
DA:117,4
DA:118,1
DA:119,2
DA:120,0
DA:122,2
DA:123,2
DA:124,1
DA:126,0
DA:127,0
DA:128,0
DA:134,1
DA:135,1
DA:136,4
DA:137,1
DA:138,2
DA:139,0
DA:141,2
DA:143,3
DA:144,1
DA:149,1
DA:156,2
DA:157,1
DA:159,2
DA:160,1
DA:167,1
DA:168,2
DA:169,2
DA:171,2
DA:173,1
DA:183,0
DA:185,0
DA:186,0
DA:191,0
DA:200,0
DA:203,0
DA:211,0
DA:212,0
DA:218,0
DA:220,0
DA:221,0
DA:223,0
DA:224,0
DA:226,0
DA:227,0
DA:228,0
DA:229,0
DA:237,0
DA:238,0
DA:239,0
DA:241,0
DA:242,0
DA:243,0
DA:245,0
DA:250,0
DA:258,0
DA:261,1
DA:262,2
DA:263,2
DA:264,1
DA:266,0
DA:269,2
DA:271,1
DA:272,4
DA:273,1
DA:274,2
DA:275,0
DA:279,0
DA:284,0
DA:287,1
DA:292,1
DA:293,1
DA:294,2
DA:296,1
DA:297,1
DA:298,3
DA:299,2
DA:305,1
DA:306,2
DA:307,0
DA:311,0
DA:316,0
DA:324,1
DA:325,2
DA:327,0
DA:328,0
DA:330,1
DA:331,2
DA:333,1
DA:334,1
DA:335,3
DA:336,2
DA:338,1
DA:339,2
DA:340,0
DA:344,0
DA:349,0
DA:354,1
DA:355,1
DA:356,4
DA:357,1
DA:358,2
DA:359,0
DA:361,3
DA:364,1
DA:365,1
DA:366,4
DA:367,1
DA:368,2
DA:369,0
DA:371,3
DA:375,1
DA:376,1
DA:377,6
DA:378,1
DA:379,2
DA:380,0
DA:382,3
DA:387,1
DA:396,1
DA:397,1
DA:398,2
DA:399,1
DA:408,1
DA:409,2
DA:410,0
DA:412,2
DA:413,2
DA:416,1
DA:419,1
DA:422,0
DA:423,0
DA:424,0
DA:426,0
DA:429,2
DA:432,2
DA:433,2
DA:435,2
DA:438,0
DA:439,0
DA:440,0
DA:441,0
DA:442,0
DA:444,0
DA:445,0
DA:449,0
DA:453,0
DA:459,2
DA:460,0
DA:461,0
DA:464,0
DA:465,0
DA:466,0
DA:467,0
DA:472,2
DA:473,0
DA:474,0
DA:475,0
DA:476,0
DA:477,0
DA:482,2
DA:483,0
DA:484,0
DA:485,0
DA:486,0
DA:487,0
DA:488,0
DA:489,0
DA:490,0
DA:491,0
DA:492,0
DA:495,0
DA:500,2
DA:501,0
DA:502,0
DA:503,0
DA:504,0
DA:505,0
DA:506,0
DA:507,0
DA:509,0
DA:515,0
DA:520,0
DA:521,0
DA:522,0
DA:526,0
DA:534,1
DA:541,1
DA:546,0
DA:548,0
DA:549,1
DA:550,0
DA:551,0
DA:553,1
DA:554,0
DA:555,0
DA:556,0
DA:557,0
DA:558,0
DA:559,0
DA:560,0
DA:561,0
DA:562,0
DA:565,1
DA:568,1
DA:575,2
DA:576,1
DA:577,1
DA:578,1
DA:579,1
DA:580,1
DA:581,1
DA:584,0
DA:585,0
DA:586,0
DA:587,0
DA:588,0
DA:589,0
DA:590,0
DA:593,0
DA:597,0
DA:599,0
DA:600,0
DA:602,0
LF:273
LH:134
end_of_record
SF:lib/data/services/auth/auth_service.dart
DA:13,0
DA:14,0
DA:18,0
DA:21,0
DA:22,0
DA:26,0
DA:29,0
DA:30,0
DA:31,0
DA:34,0
DA:35,0
DA:36,0
DA:39,0
DA:46,0
DA:47,0
DA:48,0
DA:49,0
DA:51,0
DA:53,0
DA:55,0
DA:57,0
DA:58,0
DA:60,0
DA:62,0
DA:63,0
DA:64,0
DA:66,0
DA:68,0
DA:70,0
DA:74,0
DA:75,0
DA:77,0
DA:78,0
DA:79,0
DA:80,0
DA:81,0
DA:85,0
DA:88,0
DA:90,0
DA:91,0
DA:92,0
DA:94,0
LF:42
LH:0
end_of_record
SF:lib/data/services/auth/authenticated_client.dart
DA:18,0
DA:23,5
DA:29,0
DA:31,4
DA:32,16
DA:34,3
DA:35,12
DA:37,1
DA:38,4
DA:40,1
DA:41,4
DA:43,4
DA:47,4
DA:48,4
DA:50,4
DA:51,0
DA:53,0
DA:54,0
DA:56,0
DA:57,0
DA:58,0
DA:62,2
DA:64,2
DA:65,2
DA:67,2
DA:69,2
DA:70,0
DA:71,0
DA:73,0
DA:75,0
DA:77,0
DA:81,4
DA:82,8
DA:83,4
DA:84,4
DA:85,0
DA:89,0
DA:90,0
DA:91,0
DA:94,0
DA:96,0
DA:98,0
DA:99,0
DA:100,0
DA:102,0
DA:107,0
DA:108,0
DA:111,5
DA:112,10
DA:113,10
LF:50
LH:25
end_of_record
SF:lib/data/services/auth/token_storage.dart
DA:7,0
DA:8,0
DA:9,0
DA:10,0
DA:13,4
DA:14,4
DA:15,4
DA:18,0
DA:19,0
DA:20,0
DA:23,0
DA:24,0
DA:25,0
DA:26,0
DA:29,0
DA:30,0
DA:31,0
LF:17
LH:3
end_of_record
SF:lib/config/api_config.dart
DA:37,5
DA:38,5
DA:40,15
DA:41,0
DA:55,10
DA:60,5
DA:61,10
DA:64,4
DA:65,8
DA:70,0
DA:71,0
DA:72,0
DA:73,0
DA:76,0
DA:81,0
DA:82,0
LF:16
LH:8
end_of_record
SF:lib/data/apimodels/auth/auth.dart
DA:7,0
DA:12,0
DA:13,0
DA:14,0
DA:15,0
DA:19,0
DA:20,0
LF:7
LH:0
end_of_record
SF:lib/domain/models/auth/user.dart
DA:5,0
LF:1
LH:0
end_of_record
SF:lib/data/local/mutation.dart
DA:11,3
DA:19,6
DA:20,3
DA:21,3
DA:22,3
DA:23,3
DA:24,3
DA:27,6
DA:28,3
DA:29,6
DA:30,3
DA:31,6
DA:32,6
LF:13
LH:13
end_of_record
SF:lib/data/sync/connectivity_service.dart
DA:9,4
DA:10,12
DA:14,0
DA:15,0
DA:17,3
DA:19,6
DA:29,4
DA:30,16
LF:8
LH:6
end_of_record
SF:lib/data/sync/network_failure.dart
DA:9,2
DA:10,2
DA:11,2
DA:12,2
DA:13,4
DA:14,0
DA:15,0
LF:7
LH:5
end_of_record
SF:lib/data/sync/sync_service.dart
DA:17,4
DA:27,4
DA:32,4
DA:42,8
DA:45,8
DA:54,5
DA:58,4
DA:59,8
DA:61,8
DA:63,12
DA:74,5
DA:75,10
DA:78,5
DA:83,1
DA:84,1
DA:85,3
DA:86,0
DA:88,1
DA:92,15
DA:96,5
DA:97,5
DA:98,3
DA:99,2
DA:100,1
DA:102,3
DA:103,3
DA:111,1
DA:117,1
DA:118,1
DA:119,0
DA:120,0
DA:121,0
DA:122,0
DA:123,0
DA:124,0
DA:125,0
DA:128,3
DA:129,1
DA:133,2
DA:134,2
DA:137,0
DA:138,0
DA:143,1
DA:147,1
DA:148,2
DA:149,1
LF:46
LH:36
end_of_record
SF:lib/domain/models/workouts/workout.dart
DA:8,1
DA:14,2
DA:15,1
DA:16,2
DA:17,2
DA:20,2
DA:21,1
DA:22,1
DA:23,1
DA:26,1
DA:27,1
DA:28,1
DA:29,1
DA:30,0
DA:44,1
DA:55,2
DA:56,2
DA:57,1
DA:58,1
DA:59,1
DA:60,1
DA:61,2
DA:62,1
DA:63,1
DA:64,3
DA:65,1
DA:68,0
DA:69,0
DA:70,0
DA:71,0
DA:72,0
DA:75,1
DA:76,6
DA:78,0
DA:82,0
DA:83,0
DA:84,0
DA:85,0
DA:86,0
DA:87,0
DA:88,0
DA:89,0
DA:90,0
DA:108,3
DA:123,3
DA:124,5
DA:126,6
DA:127,3
DA:128,3
DA:129,3
DA:130,3
DA:131,3
DA:132,3
DA:133,3
DA:134,6
DA:135,6
DA:136,6
DA:137,3
DA:138,4
DA:139,5
DA:140,3
DA:144,1
DA:146,1
DA:147,2
DA:148,4
DA:149,2
DA:159,2
DA:161,4
DA:162,2
DA:163,2
DA:173,2
DA:180,4
DA:181,4
DA:182,4
DA:183,2
DA:184,2
DA:193,2
DA:200,2
DA:201,2
DA:202,4
DA:203,2
DA:204,2
DA:205,2
DA:206,6
DA:207,2
DA:210,2
DA:211,4
DA:212,6
DA:218,2
DA:220,4
DA:221,2
DA:222,4
DA:234,4
DA:250,4
DA:251,4
DA:252,4
DA:253,2
DA:254,2
DA:255,3
DA:256,6
DA:257,2
DA:267,2
DA:274,5
DA:276,2
DA:277,2
DA:278,2
DA:279,4
DA:280,4
DA:281,2
DA:282,4
DA:283,4
DA:284,4
DA:286,2
DA:287,6
DA:288,2
LF:115
LH:99
end_of_record
SF:lib/data/repositories/exercises_repository.dart
DA:25,2
DA:27,2
DA:30,2
DA:32,2
DA:33,6
DA:34,2
DA:35,2
DA:36,0
DA:38,3
DA:39,2
DA:40,4
DA:42,2
DA:44,5
DA:46,2
DA:48,3
DA:49,1
DA:50,1
DA:51,1
DA:52,1
DA:58,1
DA:60,1
DA:61,4
DA:62,1
DA:63,2
DA:64,0
DA:66,2
DA:67,3
DA:68,1
DA:70,0
DA:71,0
DA:72,0
DA:78,2
DA:85,2
DA:86,2
DA:94,4
DA:96,4
DA:97,2
DA:100,0
DA:101,0
DA:104,1
DA:109,2
DA:110,1
DA:111,1
DA:112,2
DA:117,2
DA:120,0
DA:126,0
DA:127,0
DA:128,0
DA:129,0
DA:136,0
DA:137,0
DA:138,0
DA:141,0
DA:145,0
DA:147,0
DA:148,0
DA:152,2
DA:157,4
DA:162,0
DA:163,0
DA:166,0
DA:170,0
DA:177,2
DA:181,2
DA:182,2
DA:183,6
DA:185,4
DA:186,2
DA:187,2
DA:188,2
DA:189,2
DA:190,2
DA:193,2
LF:74
LH:51
end_of_record
SF:lib/domain/models/exercises/exercise_catalog.dart
DA:13,2
DA:26,2
DA:27,2
DA:28,2
DA:29,2
DA:30,2
DA:31,2
DA:32,2
DA:33,2
DA:34,2
DA:35,2
DA:36,2
DA:37,2
DA:44,0
DA:49,0
DA:50,0
DA:51,0
DA:52,0
DA:68,1
DA:81,2
DA:82,2
DA:83,2
DA:84,2
DA:85,2
DA:86,1
DA:87,2
DA:88,2
DA:89,2
DA:90,1
DA:91,2
DA:92,1
DA:93,0
DA:95,1
DA:98,0
DA:99,0
LF:35
LH:27
end_of_record
SF:lib/ui/menu_options_list/workouts/session/workout_session_controller.dart
DA:22,2
DA:54,1
DA:93,0
DA:94,0
DA:95,0
DA:96,0
DA:97,0
DA:98,2
DA:99,2
DA:100,0
DA:101,0
DA:102,0
DA:103,0
DA:105,0
DA:106,0
DA:110,0
DA:113,0
DA:114,0
DA:115,0
DA:118,0
DA:119,0
DA:120,0
DA:121,0
DA:122,0
DA:123,0
DA:124,0
DA:128,0
DA:135,0
DA:136,0
DA:137,0
DA:138,0
DA:139,0
DA:140,0
DA:141,0
DA:142,0
DA:143,0
DA:144,0
DA:145,0
DA:146,0
DA:147,0
DA:148,0
DA:149,0
DA:150,0
DA:151,0
DA:152,0
DA:153,0
DA:155,0
DA:156,0
DA:159,0
DA:160,0
DA:162,0
DA:163,0
DA:165,0
DA:166,0
DA:167,0
DA:168,0
DA:169,0
DA:170,0
DA:172,0
DA:176,0
DA:182,0
DA:183,0
DA:184,0
DA:187,0
DA:188,0
DA:189,0
DA:190,0
DA:191,0
DA:192,0
DA:193,0
DA:194,0
DA:195,0
DA:196,0
DA:197,0
DA:198,0
DA:199,0
DA:200,0
DA:201,0
DA:202,0
DA:203,0
DA:204,0
DA:205,0
DA:207,0
DA:208,0
DA:209,0
DA:211,0
DA:219,0
DA:220,0
DA:221,0
DA:224,0
DA:225,0
DA:226,0
DA:230,0
DA:231,0
DA:232,0
DA:234,0
DA:237,0
DA:238,0
DA:239,0
DA:240,0
DA:241,0
DA:242,0
DA:243,0
DA:244,0
DA:246,0
DA:247,0
DA:248,0
DA:249,0
DA:252,0
DA:253,0
DA:255,0
DA:256,0
DA:260,1
DA:261,1
DA:262,2
DA:263,5
DA:264,1
DA:269,1
DA:270,4
DA:271,1
DA:272,1
DA:276,1
DA:277,1
DA:278,2
DA:281,2
DA:282,1
DA:283,1
DA:289,1
DA:290,4
DA:291,2
DA:292,1
DA:293,1
DA:294,1
DA:295,1
DA:296,1
DA:297,1
DA:298,1
DA:301,2
DA:302,1
DA:307,1
DA:308,2
DA:309,2
DA:310,1
DA:311,1
DA:315,1
DA:323,2
DA:324,1
DA:331,1
DA:332,1
DA:343,2
DA:344,1
DA:345,1
DA:349,1
DA:350,2
DA:351,1
DA:352,5
DA:353,2
DA:354,2
DA:355,1
DA:356,1
DA:360,1
DA:361,2
DA:362,2
DA:363,2
DA:364,1
DA:366,1
DA:367,1
DA:371,1
DA:372,1
DA:373,0
DA:374,0
DA:375,0
DA:376,0
DA:377,0
DA:381,0
DA:382,0
DA:383,0
DA:384,0
DA:385,0
DA:386,0
DA:387,0
DA:388,0
DA:389,0
DA:390,0
DA:392,0
DA:393,0
DA:398,0
DA:399,0
DA:400,0
DA:401,0
DA:402,0
DA:405,0
DA:406,0
DA:407,0
DA:410,0
DA:411,0
DA:412,0
DA:413,0
DA:427,4
DA:428,2
DA:429,2
DA:430,2
DA:434,2
DA:435,2
DA:436,2
DA:437,2
DA:438,2
DA:439,2
DA:440,2
DA:441,2
DA:444,1
DA:445,1
DA:446,2
DA:447,1
DA:448,1
DA:451,1
DA:452,4
DA:453,1
DA:454,1
DA:455,1
DA:459,1
DA:460,1
DA:461,2
DA:462,2
DA:463,1
DA:464,1
DA:468,1
DA:469,1
DA:470,4
DA:471,4
DA:472,1
DA:476,2
DA:477,4
DA:478,2
DA:479,2
DA:480,2
DA:481,2
DA:482,2
DA:483,2
DA:486,2
DA:487,3
DA:488,5
DA:489,2
DA:490,1
DA:491,1
DA:492,1
DA:493,1
DA:495,2
DA:496,1
DA:501,1
DA:502,1
DA:503,1
DA:504,1
DA:507,0
DA:508,0
DA:509,0
DA:510,0
DA:512,0
DA:514,0
DA:515,0
DA:516,0
DA:520,0
DA:521,0
DA:522,0
DA:523,0
DA:527,0
DA:528,0
DA:529,0
DA:530,0
DA:531,0
DA:532,0
DA:533,0
DA:534,0
DA:535,0
DA:536,0
DA:537,0
DA:538,0
DA:539,0
DA:540,0
DA:541,0
DA:544,0
DA:545,0
DA:546,0
DA:547,0
DA:548,0
DA:549,0
DA:550,0
DA:553,0
DA:555,0
DA:556,0
DA:560,0
LF:291
LH:116
end_of_record
SF:lib/ui/menu_options_list/workouts/session/aerobic_runner.dart
DA:21,2
DA:22,4
DA:23,2
DA:24,3
DA:26,1
DA:27,1
DA:28,1
DA:29,2
DA:30,3
DA:31,2
DA:32,1
DA:34,1
DA:37,1
DA:38,1
DA:39,2
DA:40,1
DA:41,1
DA:44,3
DA:47,1
DA:48,3
DA:49,1
DA:50,2
DA:51,2
DA:52,1
DA:55,1
DA:56,2
DA:57,1
DA:58,1
DA:59,1
DA:60,2
DA:61,1
DA:64,1
DA:66,2
DA:67,1
DA:70,1
DA:71,1
DA:72,2
DA:73,1
DA:74,2
DA:75,2
DA:76,3
DA:84,0
DA:91,0
DA:92,0
DA:99,0
DA:101,0
DA:102,0
DA:103,0
DA:106,0
DA:108,0
DA:110,0
DA:111,0
DA:112,0
DA:115,0
DA:116,0
DA:117,0
DA:118,0
DA:119,0
DA:121,0
DA:122,0
DA:124,0
DA:127,0
DA:130,0
DA:132,0
DA:133,0
DA:134,0
DA:135,0
DA:136,0
DA:137,0
DA:138,0
DA:139,0
DA:140,0
DA:141,0
DA:148,0
DA:150,0
DA:151,0
DA:152,0
DA:153,0
DA:154,0
DA:157,0
DA:160,0
DA:164,0
DA:165,0
DA:166,0
DA:170,0
DA:173,0
DA:183,0
DA:184,0
DA:186,0
DA:187,0
DA:188,0
DA:189,0
DA:193,0
DA:198,0
DA:199,0
DA:200,0
DA:201,0
DA:202,0
DA:204,0
DA:212,0
DA:214,0
DA:215,0
DA:216,0
DA:217,0
DA:219,0
DA:220,0
DA:225,0
DA:226,0
DA:228,0
DA:229,0
DA:237,0
DA:243,0
DA:245,0
DA:248,0
DA:249,0
DA:250,0
DA:251,0
DA:253,0
DA:255,0
DA:258,0
DA:266,0
DA:269,0
DA:270,0
DA:272,0
DA:274,0
DA:276,0
DA:277,0
DA:278,0
DA:279,0
DA:281,0
DA:285,0
DA:286,0
DA:287,0
DA:291,0
DA:301,0
DA:303,0
DA:304,0
DA:305,0
DA:308,0
DA:309,0
DA:310,0
DA:312,0
DA:313,0
DA:314,0
DA:318,0
LF:145
LH:41
end_of_record
SF:lib/ui/core/theme/app_colors.dart
DA:36,1
DA:57,0
DA:58,0
DA:59,0
DA:60,0
LF:5
LH:1
end_of_record
SF:lib/ui/core/theme/theme_controller.dart
DA:14,0
DA:15,0
DA:18,0
DA:19,0
DA:21,0
DA:22,0
DA:23,0
DA:24,0
DA:25,0
DA:26,0
DA:30,0
DA:31,0
DA:32,0
DA:33,0
DA:34,0
DA:41,0
DA:42,0
LF:17
LH:0
end_of_record
SF:lib/ui/core/ui/widgets/app_scaffold.dart
DA:8,0
DA:10,0
DA:12,0
DA:13,0
DA:14,0
DA:15,0
DA:18,0
DA:21,0
LF:8
LH:0
end_of_record
SF:lib/ui/core/ui/widgets/pressable.dart
DA:14,0
DA:22,0
DA:23,0
DA:29,0
DA:30,0
DA:31,0
DA:34,0
DA:36,0
DA:38,0
DA:40,0
DA:41,0
DA:42,0
DA:44,0
DA:45,0
DA:46,0
DA:47,0
DA:48,0
DA:52,0
LF:18
LH:0
end_of_record
